<?xml version="1.0" encoding="utf-8"?><testsuites name="pytest tests"><testsuite name="pytest" errors="0" failures="1" skipped="0" tests="20" time="1.026" timestamp="2026-04-20T19:01:58.816018+00:00" hostname="agent-env-72ec35e7-da6c-41bc-a983-fc8ef88d2660"><testcase classname="tests.test_vedic_api.TestCalculateContract" name="test_required_fields_present" time="0.230" /><testcase classname="tests.test_vedic_api.TestCalculateContract" name="test_planets_count" time="0.000" /><testcase classname="tests.test_vedic_api.TestCalculateContract" name="test_planet_entry_fields" time="0.000" /><testcase classname="tests.test_vedic_api.TestCalculateContract" name="test_julian_day_correct" time="0.000" /><testcase classname="tests.test_vedic_api.TestCalculateAccuracy" name="test_rahu_ketu_180_apart" time="0.000" /><testcase classname="tests.test_vedic_api.TestCalculateAccuracy" name="test_d9_sign_calculation_valid" time="0.000" /><testcase classname="tests.test_vedic_api.TestCalculateAccuracy" name="test_d2_hora_correctness" time="0.000" /><testcase classname="tests.test_vedic_api.TestCalculateAccuracy" name="test_sun_sign_sagittarius" time="0.000" /><testcase classname="tests.test_vedic_api.TestVimshottariDasha" name="test_nine_periods" time="0.000" /><testcase classname="tests.test_vedic_api.TestVimshottariDasha" name="test_total_years_120" time="0.000" /><testcase classname="tests.test_vedic_api.TestAshtakavarga" name="test_sav_total_close_to_337" time="0.000" /><testcase classname="tests.test_vedic_api.TestAshtakavarga" name="test_bav_per_planet_total" time="0.000"><failure message="AssertionError: BAV Moon total 50 != classical 49&#10;assert 50 == 49">tests/test_vedic_api.py:151: in test_bav_per_planet_total
    assert actual == exp, f"BAV {p} total {actual} != classical {exp}"
E   AssertionError: BAV Moon total 50 != classical 49
E   assert 50 == 49</failure></testcase><testcase classname="tests.test_vedic_api.TestCalculateValidation" name="test_invalid_date_returns_400" time="0.118" /><testcase classname="tests.test_vedic_api.TestCalculateValidation" name="test_invalid_time_returns_400" time="0.168" /><testcase classname="tests.test_vedic_api.TestPanchang" name="test_five_limbs_present" time="0.160" /><testcase classname="tests.test_vedic_api.TestPanchang" name="test_sun_moon_times_iso" time="0.000" /><testcase classname="tests.test_vedic_api.TestPanchang" name="test_inauspicious_windows" time="0.000" /><testcase classname="tests.test_vedic_api.TestPanchang" name="test_abhijit_centered_on_midday" time="0.000" /><testcase classname="tests.test_vedic_api.TestPanchang" name="test_thursday_rahu_kaal_is_6th_segment" time="0.113" /><testcase classname="tests.test_vedic_api.TestPanchang" name="test_default_date_is_today" time="0.129" /></testsuite></testsuites>